<?xml version="1.0" encoding="UTF-8" ?>
<testsuite tests="1" failures="0" name="com.tamingtext.snowball.SnowballStemmerTest" time="0.097" errors="0" skipped="0">
  <properties>
    <property name="java.runtime.name" value="Java(TM) SE Runtime Environment"/>
    <property name="sun.boot.library.path" value="/Library/Java/JavaVirtualMachines/jdk1.8.0_131.jdk/Contents/Home/jre/lib"/>
    <property name="java.vm.version" value="25.131-b11"/>
    <property name="gopherProxySet" value="false"/>
    <property name="java.vm.vendor" value="Oracle Corporation"/>
    <property name="java.vendor.url" value="http://java.oracle.com/"/>
    <property name="path.separator" value=":"/>
    <property name="java.vm.name" value="Java HotSpot(TM) 64-Bit Server VM"/>
    <property name="file.encoding.pkg" value="sun.io"/>
    <property name="user.country" value="CN"/>
    <property name="sun.java.launcher" value="SUN_STANDARD"/>
    <property name="sun.os.patch.level" value="unknown"/>
    <property name="java.vm.specification.name" value="Java Virtual Machine Specification"/>
    <property name="user.dir" value="/Users/jacobye/Documents/learn-taming-text"/>
    <property name="java.runtime.version" value="1.8.0_131-b11"/>
    <property name="java.awt.graphicsenv" value="sun.awt.CGraphicsEnvironment"/>
    <property name="basedir" value="/Users/jacobye/Documents/learn-taming-text"/>
    <property name="java.endorsed.dirs" value="/Library/Java/JavaVirtualMachines/jdk1.8.0_131.jdk/Contents/Home/jre/lib/endorsed"/>
    <property name="os.arch" value="x86_64"/>
    <property name="java.io.tmpdir" value="/var/folders/g7/0dkvbwfd0r302r0w0sxphcfm0000gn/T/"/>
    <property name="line.separator" value="
"/>
    <property name="java.vm.specification.vendor" value="Oracle Corporation"/>
    <property name="os.name" value="Mac OS X"/>
    <property name="sun.jnu.encoding" value="UTF-8"/>
    <property name="java.library.path" value="/Users/jacobye/Library/Java/Extensions:/Library/Java/Extensions:/Network/Library/Java/Extensions:/System/Library/Java/Extensions:/usr/lib/java:."/>
    <property name="surefire.test.class.path" value="/Users/jacobye/Documents/learn-taming-text/target/test-classes:/Users/jacobye/Documents/learn-taming-text/target/classes:/Users/jacobye/.m2/repository/org/slf4j/slf4j-api/1.6.1/slf4j-api-1.6.1.jar:/Users/jacobye/.m2/repository/org/slf4j/slf4j-log4j12/1.6.1/slf4j-log4j12-1.6.1.jar:/Users/jacobye/.m2/repository/log4j/log4j/1.2.17/log4j-1.2.17.jar:/Users/jacobye/.m2/repository/commons-lang/commons-lang/2.4/commons-lang-2.4.jar:/Users/jacobye/.m2/repository/commons-cli/commons-cli/1.1/commons-cli-1.1.jar:/Users/jacobye/.m2/repository/org/apache/solr/solr-clustering/3.6.0/solr-clustering-3.6.0.jar:/Users/jacobye/.m2/repository/org/apache/solr/solr-dataimporthandler/3.6.0/solr-dataimporthandler-3.6.0.jar:/Users/jacobye/.m2/repository/org/apache/solr/solr-dataimporthandler-extras/3.6.0/solr-dataimporthandler-extras-3.6.0.jar:/Users/jacobye/.m2/repository/javax/activation/activation/1.1/activation-1.1.jar:/Users/jacobye/.m2/repository/javax/mail/mail/1.4.1/mail-1.4.1.jar:/Users/jacobye/.m2/repository/org/apache/solr/solr-cell/3.6.0/solr-cell-3.6.0.jar:/Users/jacobye/.m2/repository/com/ibm/icu/icu4j/4.8.1.1/icu4j-4.8.1.1.jar:/Users/jacobye/.m2/repository/xerces/xercesImpl/2.8.1/xercesImpl-2.8.1.jar:/Users/jacobye/.m2/repository/xml-apis/xml-apis/1.3.03/xml-apis-1.3.03.jar:/Users/jacobye/.m2/repository/org/apache/solr/solr-solrj/3.6.0/solr-solrj-3.6.0.jar:/Users/jacobye/.m2/repository/commons-httpclient/commons-httpclient/3.1/commons-httpclient-3.1.jar:/Users/jacobye/.m2/repository/commons-io/commons-io/2.1/commons-io-2.1.jar:/Users/jacobye/.m2/repository/org/codehaus/woodstox/wstx-asl/3.2.7/wstx-asl-3.2.7.jar:/Users/jacobye/.m2/repository/org/apache/solr/solr-core/3.6.0/solr-core-3.6.0.jar:/Users/jacobye/.m2/repository/org/apache/lucene/lucene-highlighter/3.6.0/lucene-highlighter-3.6.0.jar:/Users/jacobye/.m2/repository/org/apache/lucene/lucene-kuromoji/3.6.0/lucene-kuromoji-3.6.0.jar:/Users/jacobye/.m2/repository/org/apache/lucene/lucene-memory/3.6.0/lucene-memory-3.6.0.jar:/Users/jacobye/.m2/repository/org/apache/lucene/lucene-misc/3.6.0/lucene-misc-3.6.0.jar:/Users/jacobye/.m2/repository/org/apache/lucene/lucene-phonetic/3.6.0/lucene-phonetic-3.6.0.jar:/Users/jacobye/.m2/repository/org/apache/lucene/lucene-spatial/3.6.0/lucene-spatial-3.6.0.jar:/Users/jacobye/.m2/repository/org/apache/lucene/lucene-grouping/3.6.0/lucene-grouping-3.6.0.jar:/Users/jacobye/.m2/repository/commons-codec/commons-codec/1.6/commons-codec-1.6.jar:/Users/jacobye/.m2/repository/commons-fileupload/commons-fileupload/1.2.1/commons-fileupload-1.2.1.jar:/Users/jacobye/.m2/repository/com/google/guava/guava/r05/guava-r05.jar:/Users/jacobye/.m2/repository/javax/servlet/servlet-api/2.4/servlet-api-2.4.jar:/Users/jacobye/.m2/repository/org/apache/solr/solr-test-framework/3.6.0/solr-test-framework-3.6.0.jar:/Users/jacobye/.m2/repository/org/apache/lucene/lucene-core/3.6.0/lucene-core-3.6.0.jar:/Users/jacobye/.m2/repository/org/apache/lucene/lucene-queryparser/3.6.0/lucene-queryparser-3.6.0.jar:/Users/jacobye/.m2/repository/org/apache/lucene/lucene-analyzers/3.6.0/lucene-analyzers-3.6.0.jar:/Users/jacobye/.m2/repository/org/apache/lucene/lucene-spellchecker/3.6.0/lucene-spellchecker-3.6.0.jar:/Users/jacobye/.m2/repository/org/apache/lucene/lucene-queries/3.6.0/lucene-queries-3.6.0.jar:/Users/jacobye/.m2/repository/jakarta-regexp/jakarta-regexp/1.4/jakarta-regexp-1.4.jar:/Users/jacobye/.m2/repository/org/apache/lucene/lucene-test-framework/3.6.0/lucene-test-framework-3.6.0.jar:/Users/jacobye/.m2/repository/org/apache/ant/ant-junit/1.7.1/ant-junit-1.7.1.jar:/Users/jacobye/.m2/repository/org/apache/ant/ant/1.7.1/ant-1.7.1.jar:/Users/jacobye/.m2/repository/org/apache/ant/ant-launcher/1.7.1/ant-launcher-1.7.1.jar:/Users/jacobye/.m2/repository/org/apache/lucene/lucene-benchmark/3.6.0/lucene-benchmark-3.6.0.jar:/Users/jacobye/.m2/repository/org/apache/lucene/lucene-facet/3.6.0/lucene-facet-3.6.0.jar:/Users/jacobye/.m2/repository/org/apache/commons/commons-compress/1.2/commons-compress-1.2.jar:/Users/jacobye/.m2/repository/xpp3/xpp3/1.1.3.4.O/xpp3-1.1.3.4.O.jar:/Users/jacobye/.m2/repository/org/apache/tika/tika-core/0.10/tika-core-0.10.jar:/Users/jacobye/.m2/repository/org/apache/tika/tika-parsers/0.10/tika-parsers-0.10.jar:/Users/jacobye/.m2/repository/org/apache/james/apache-mime4j-core/0.7/apache-mime4j-core-0.7.jar:/Users/jacobye/.m2/repository/org/apache/james/apache-mime4j-dom/0.7/apache-mime4j-dom-0.7.jar:/Users/jacobye/.m2/repository/org/apache/pdfbox/pdfbox/1.6.0/pdfbox-1.6.0.jar:/Users/jacobye/.m2/repository/org/apache/pdfbox/fontbox/1.6.0/fontbox-1.6.0.jar:/Users/jacobye/.m2/repository/org/apache/pdfbox/jempbox/1.6.0/jempbox-1.6.0.jar:/Users/jacobye/.m2/repository/org/bouncycastle/bcmail-jdk15/1.45/bcmail-jdk15-1.45.jar:/Users/jacobye/.m2/repository/org/bouncycastle/bcprov-jdk15/1.45/bcprov-jdk15-1.45.jar:/Users/jacobye/.m2/repository/org/apache/poi/poi/3.8-beta4/poi-3.8-beta4.jar:/Users/jacobye/.m2/repository/org/apache/poi/poi-scratchpad/3.8-beta4/poi-scratchpad-3.8-beta4.jar:/Users/jacobye/.m2/repository/org/apache/poi/poi-ooxml/3.8-beta4/poi-ooxml-3.8-beta4.jar:/Users/jacobye/.m2/repository/org/apache/poi/poi-ooxml-schemas/3.8-beta4/poi-ooxml-schemas-3.8-beta4.jar:/Users/jacobye/.m2/repository/org/apache/xmlbeans/xmlbeans/2.3.0/xmlbeans-2.3.0.jar:/Users/jacobye/.m2/repository/dom4j/dom4j/1.6.1/dom4j-1.6.1.jar:/Users/jacobye/.m2/repository/org/apache/geronimo/specs/geronimo-stax-api_1.0_spec/1.0.1/geronimo-stax-api_1.0_spec-1.0.1.jar:/Users/jacobye/.m2/repository/org/ccil/cowan/tagsoup/tagsoup/1.2.1/tagsoup-1.2.1.jar:/Users/jacobye/.m2/repository/asm/asm/3.1/asm-3.1.jar:/Users/jacobye/.m2/repository/com/drewnoakes/metadata-extractor/2.4.0-beta-1/metadata-extractor-2.4.0-beta-1.jar:/Users/jacobye/.m2/repository/de/l3s/boilerpipe/boilerpipe/1.1.0/boilerpipe-1.1.0.jar:/Users/jacobye/.m2/repository/rome/rome/0.9/rome-0.9.jar:/Users/jacobye/.m2/repository/jdom/jdom/1.0/jdom-1.0.jar:/Users/jacobye/.m2/repository/org/apache/mahout/mahout-core/0.6/mahout-core-0.6.jar:/Users/jacobye/.m2/repository/org/apache/hadoop/hadoop-core/0.20.204.0/hadoop-core-0.20.204.0.jar:/Users/jacobye/.m2/repository/commons-configuration/commons-configuration/1.6/commons-configuration-1.6.jar:/Users/jacobye/.m2/repository/commons-digester/commons-digester/1.8/commons-digester-1.8.jar:/Users/jacobye/.m2/repository/commons-beanutils/commons-beanutils/1.7.0/commons-beanutils-1.7.0.jar:/Users/jacobye/.m2/repository/commons-beanutils/commons-beanutils-core/1.8.0/commons-beanutils-core-1.8.0.jar:/Users/jacobye/.m2/repository/org/codehaus/jackson/jackson-core-asl/1.8.2/jackson-core-asl-1.8.2.jar:/Users/jacobye/.m2/repository/org/codehaus/jackson/jackson-mapper-asl/1.8.2/jackson-mapper-asl-1.8.2.jar:/Users/jacobye/.m2/repository/org/uncommons/watchmaker/watchmaker-framework/0.6.2/watchmaker-framework-0.6.2.jar:/Users/jacobye/.m2/repository/com/thoughtworks/xstream/xstream/1.3.1/xstream-1.3.1.jar:/Users/jacobye/.m2/repository/xpp3/xpp3_min/1.1.4c/xpp3_min-1.1.4c.jar:/Users/jacobye/.m2/repository/org/apache/mahout/commons/commons-cli/2.0-mahout/commons-cli-2.0-mahout.jar:/Users/jacobye/.m2/repository/org/apache/commons/commons-math/2.2/commons-math-2.2.jar:/Users/jacobye/.m2/repository/org/apache/mahout/mahout-integration/0.6/mahout-integration-0.6.jar:/Users/jacobye/.m2/repository/commons-dbcp/commons-dbcp/1.4/commons-dbcp-1.4.jar:/Users/jacobye/.m2/repository/commons-pool/commons-pool/1.5.6/commons-pool-1.5.6.jar:/Users/jacobye/.m2/repository/org/apache/solr/solr-commons-csv/3.4.0/solr-commons-csv-3.4.0.jar:/Users/jacobye/.m2/repository/org/mongodb/mongo-java-driver/2.5/mongo-java-driver-2.5.jar:/Users/jacobye/.m2/repository/org/mongodb/bson/2.5/bson-2.5.jar:/Users/jacobye/.m2/repository/org/apache/cassandra/cassandra-all/0.8.1/cassandra-all-0.8.1.jar:/Users/jacobye/.m2/repository/commons-collections/commons-collections/3.2.1/commons-collections-3.2.1.jar:/Users/jacobye/.m2/repository/com/googlecode/concurrentlinkedhashmap/concurrentlinkedhashmap-lru/1.1/concurrentlinkedhashmap-lru-1.1.jar:/Users/jacobye/.m2/repository/org/antlr/antlr/3.2/antlr-3.2.jar:/Users/jacobye/.m2/repository/org/antlr/antlr-runtime/3.2/antlr-runtime-3.2.jar:/Users/jacobye/.m2/repository/org/antlr/stringtemplate/3.2/stringtemplate-3.2.jar:/Users/jacobye/.m2/repository/antlr/antlr/2.7.7/antlr-2.7.7.jar:/Users/jacobye/.m2/repository/org/apache/cassandra/deps/avro/1.4.0-cassandra-1/avro-1.4.0-cassandra-1.jar:/Users/jacobye/.m2/repository/jline/jline/0.9.94/jline-0.9.94.jar:/Users/jacobye/.m2/repository/com/googlecode/json-simple/json-simple/1.1/json-simple-1.1.jar:/Users/jacobye/.m2/repository/com/github/stephenc/high-scale-lib/high-scale-lib/1.1.2/high-scale-lib-1.1.2.jar:/Users/jacobye/.m2/repository/org/yaml/snakeyaml/1.6/snakeyaml-1.6.jar:/Users/jacobye/.m2/repository/org/apache/thrift/libthrift/0.6.1/libthrift-0.6.1.jar:/Users/jacobye/.m2/repository/org/apache/cassandra/cassandra-thrift/0.8.1/cassandra-thrift-0.8.1.jar:/Users/jacobye/.m2/repository/com/github/stephenc/jamm/0.2.2/jamm-0.2.2.jar:/Users/jacobye/.m2/repository/me/prettyprint/hector-core/0.8.0-2/hector-core-0.8.0-2.jar:/Users/jacobye/.m2/repository/com/github/stephenc/eaio-uuid/uuid/3.2.0/uuid-3.2.0.jar:/Users/jacobye/.m2/repository/com/ecyrd/speed4j/speed4j/0.9/speed4j-0.9.jar:/Users/jacobye/.m2/repository/org/apache/mahout/mahout-math/0.6/mahout-math-0.6.jar:/Users/jacobye/.m2/repository/org/uncommons/maths/uncommons-maths/1.2.2/uncommons-maths-1.2.2.jar:/Users/jacobye/.m2/repository/jfree/jcommon/1.0.12/jcommon-1.0.12.jar:/Users/jacobye/.m2/repository/org/apache/mahout/mahout-collections/1.0/mahout-collections-1.0.jar:/Users/jacobye/.m2/repository/org/carrot2/carrot2-core/3.6.0/carrot2-core-3.6.0.jar:/Users/jacobye/.m2/repository/org/carrot2/morfologik-stemming/1.5.3/morfologik-stemming-1.5.3.jar:/Users/jacobye/.m2/repository/org/carrot2/morfologik-fsa/1.5.3/morfologik-fsa-1.5.3.jar:/Users/jacobye/.m2/repository/net/java/dev/rome/rome/1.0.0/rome-1.0.0.jar:/Users/jacobye/.m2/repository/net/java/dev/rome/rome-fetcher/1.0.0/rome-fetcher-1.0.0.jar:/Users/jacobye/.m2/repository/org/apache/httpcomponents/httpclient/4.1/httpclient-4.1.jar:/Users/jacobye/.m2/repository/org/apache/httpcomponents/httpcore/4.1/httpcore-4.1.jar:/Users/jacobye/.m2/repository/org/apache/httpcomponents/httpmime/4.1/httpmime-4.1.jar:/Users/jacobye/.m2/repository/org/jdom/jdom/1.1/jdom-1.1.jar:/Users/jacobye/.m2/repository/org/simpleframework/simple-xml/2.6.4/simple-xml-2.6.4.jar:/Users/jacobye/.m2/repository/com/carrotsearch/hppc/0.4.1/hppc-0.4.1.jar:/Users/jacobye/.m2/repository/org/carrot2/attributes/attributes-binder/1.0.1/attributes-binder-1.0.1.jar:/Users/jacobye/.m2/repository/org/apache/opennlp/opennlp-tools/1.5.2-incubating/opennlp-tools-1.5.2-incubating.jar:/Users/jacobye/.m2/repository/jwnl/jwnl/1.3.3/jwnl-1.3.3.jar:/Users/jacobye/.m2/repository/org/apache/opennlp/opennlp-maxent/3.0.2-incubating/opennlp-maxent-3.0.2-incubating.jar:/Users/jacobye/.m2/repository/postgresql/postgresql/8.2-504.jdbc3/postgresql-8.2-504.jdbc3.jar:/Users/jacobye/.m2/repository/junit/junit/4.10/junit-4.10.jar:/Users/jacobye/.m2/repository/org/hamcrest/hamcrest-core/1.1/hamcrest-core-1.1.jar:/Users/jacobye/.m2/repository/commons-logging/commons-logging/1.0.4/commons-logging-1.0.4.jar:/Users/jacobye/.m2/repository/stax/stax-api/1.0.1/stax-api-1.0.1.jar:/Users/jacobye/.m2/repository/org/mortbay/jetty/jetty/6.1.16/jetty-6.1.16.jar:/Users/jacobye/.m2/repository/org/mortbay/jetty/servlet-api/2.5-20081211/servlet-api-2.5-20081211.jar:/Users/jacobye/.m2/repository/org/mortbay/jetty/jetty-util/6.1.16/jetty-util-6.1.16.jar:/Users/jacobye/.m2/repository/edu/ucar/netcdf/4.2/netcdf-4.2.jar:"/>
    <property name="java.specification.name" value="Java Platform API Specification"/>
    <property name="java.class.version" value="52.0"/>
    <property name="sun.management.compiler" value="HotSpot 64-Bit Tiered Compilers"/>
    <property name="os.version" value="10.12.6"/>
    <property name="user.home" value="/Users/jacobye"/>
    <property name="user.timezone" value=""/>
    <property name="java.awt.printerjob" value="sun.lwawt.macosx.CPrinterJob"/>
    <property name="file.encoding" value="UTF-8"/>
    <property name="java.specification.version" value="1.8"/>
    <property name="user.name" value="jacobye"/>
    <property name="java.class.path" value="/Users/jacobye/Documents/learn-taming-text/target/surefire/surefirebooter4344139360527674602.jar"/>
    <property name="java.vm.specification.version" value="1.8"/>
    <property name="sun.arch.data.model" value="64"/>
    <property name="java.home" value="/Library/Java/JavaVirtualMachines/jdk1.8.0_131.jdk/Contents/Home/jre"/>
    <property name="sun.java.command" value="/Users/jacobye/Documents/learn-taming-text/target/surefire/surefirebooter4344139360527674602.jar /Users/jacobye/Documents/learn-taming-text/target/surefire/surefire8418674866758201334tmp /Users/jacobye/Documents/learn-taming-text/target/surefire/surefire2035086499841057370tmp"/>
    <property name="java.specification.vendor" value="Oracle Corporation"/>
    <property name="user.language" value="zh"/>
    <property name="awt.toolkit" value="sun.lwawt.macosx.LWCToolkit"/>
    <property name="java.vm.info" value="mixed mode"/>
    <property name="java.version" value="1.8.0_131"/>
    <property name="model.dir" value="opennlp-models"/>
    <property name="java.ext.dirs" value="/Users/jacobye/Library/Java/Extensions:/Library/Java/JavaVirtualMachines/jdk1.8.0_131.jdk/Contents/Home/jre/lib/ext:/Library/Java/Extensions:/Network/Library/Java/Extensions:/System/Library/Java/Extensions:/usr/lib/java"/>
    <property name="sun.boot.class.path" value="/Library/Java/JavaVirtualMachines/jdk1.8.0_131.jdk/Contents/Home/jre/lib/resources.jar:/Library/Java/JavaVirtualMachines/jdk1.8.0_131.jdk/Contents/Home/jre/lib/rt.jar:/Library/Java/JavaVirtualMachines/jdk1.8.0_131.jdk/Contents/Home/jre/lib/sunrsasign.jar:/Library/Java/JavaVirtualMachines/jdk1.8.0_131.jdk/Contents/Home/jre/lib/jsse.jar:/Library/Java/JavaVirtualMachines/jdk1.8.0_131.jdk/Contents/Home/jre/lib/jce.jar:/Library/Java/JavaVirtualMachines/jdk1.8.0_131.jdk/Contents/Home/jre/lib/charsets.jar:/Library/Java/JavaVirtualMachines/jdk1.8.0_131.jdk/Contents/Home/jre/lib/jfr.jar:/Library/Java/JavaVirtualMachines/jdk1.8.0_131.jdk/Contents/Home/jre/classes"/>
    <property name="java.vendor" value="Oracle Corporation"/>
    <property name="localRepository" value="/Users/jacobye/.m2/repository"/>
    <property name="file.separator" value="/"/>
    <property name="java.vendor.url.bug" value="http://bugreport.sun.com/bugreport/"/>
    <property name="sun.cpu.endian" value="little"/>
    <property name="sun.io.unicode.encoding" value="UnicodeBig"/>
    <property name="wordnet.dir" value="WordNet-3.0"/>
    <property name="sun.cpu.isalist" value=""/>
  </properties>
  <testcase classname="com.tamingtext.snowball.SnowballStemmerTest" name="test" time="0.006"/>
</testsuite>